<?xml version="1.0" encoding="UTF-8"?>
<!-- Generated by org.testng.reporters.JUnitXMLReporter -->
<testsuite ignored="0" hostname="DESKTOP-FT0BVUO" failures="0" tests="10" name="Surefire test" time="17.139" errors="0" timestamp="2024-02-02T12:35:14 IST">
  <testcase classname="api.test.DDTests" name="testPostUser" time="3.654"/>
  <testcase classname="api.test.DDTests" name="testPostUser" time="1.188"/>
  <testcase classname="api.test.DDTests" name="testPostUser" time="1.175"/>
  <testcase classname="api.test.DDTests" name="testDeleteUserByName" time="1.217"/>
  <testcase classname="api.test.DDTests" name="testDeleteUserByName" time="1.181"/>
  <testcase classname="api.test.DDTests" name="testDeleteUserByName" time="1.137"/>
  <testcase classname="api.test.UserTests" name="testPostUser" time="1.245"/>
  <testcase classname="api.test.UserTests" name="testGetUserByName" time="1.188"/>
  <testcase classname="api.test.UserTests" name="testUpdateUserByName" time="1.146"/>
  <testcase classname="api.test.UserTests" name="testDeleteUserByName" time="1.117"/>
</testsuite> <!-- Surefire test -->
