<?xml version="1.0" encoding="UTF-8"?>
<!-- Generated by org.testng.reporters.JUnitXMLReporter -->
<testsuite ignored="0" hostname="DESKTOP-FT0BVUO" failures="0" tests="4" name="Default test" time="7.929" errors="0" timestamp="2024-02-02T12:10:52 IST">
  <testcase classname="api.test.UserTests" name="testPostUser" time="3.164"/>
  <testcase classname="api.test.UserTests" name="testGetUserByName" time="1.186"/>
  <testcase classname="api.test.UserTests" name="testUpdateUserByName" time="1.147"/>
  <testcase classname="api.test.UserTests" name="testDeleteUserByName" time="1.17"/>
</testsuite> <!-- Default test -->
