<?xml version="1.0" encoding="UTF-8"?>
<testng-results ignored="0" total="4" passed="4" failed="0" skipped="0">
  <reporter-output>
  </reporter-output>
  <suite started-at="2024-02-02T14:57:33 IST" name="PetSuite" finished-at="2024-02-02T14:57:40 IST" duration-ms="7092">
    <groups>
    </groups>
    <test started-at="2024-02-02T14:57:33 IST" name="User Tests" finished-at="2024-02-02T14:57:40 IST" duration-ms="7092">
      <class name="api.test.UserTests">
        <test-method is-config="true" signature="setupData()[pri:0, instance:api.test.UserTests@6dc17b83]" started-at="2024-02-02T14:57:33 IST" name="setupData" finished-at="2024-02-02T14:57:34 IST" duration-ms="822" status="PASS">
          <reporter-output>
          </reporter-output>
        </test-method> <!-- setupData -->
        <test-method signature="testPostUser()[pri:1, instance:api.test.UserTests@6dc17b83]" started-at="2024-02-02T14:57:34 IST" name="testPostUser" finished-at="2024-02-02T14:57:37 IST" duration-ms="2801" status="PASS">
          <reporter-output>
          </reporter-output>
        </test-method> <!-- testPostUser -->
        <test-method signature="testGetUserByName()[pri:2, instance:api.test.UserTests@6dc17b83]" started-at="2024-02-02T14:57:37 IST" name="testGetUserByName" finished-at="2024-02-02T14:57:38 IST" duration-ms="1139" status="PASS">
          <reporter-output>
          </reporter-output>
        </test-method> <!-- testGetUserByName -->
        <test-method signature="testUpdateUserByName()[pri:3, instance:api.test.UserTests@6dc17b83]" started-at="2024-02-02T14:57:38 IST" name="testUpdateUserByName" finished-at="2024-02-02T14:57:39 IST" duration-ms="1126" status="PASS">
          <reporter-output>
          </reporter-output>
        </test-method> <!-- testUpdateUserByName -->
        <test-method signature="testDeleteUserByName()[pri:4, instance:api.test.UserTests@6dc17b83]" started-at="2024-02-02T14:57:39 IST" name="testDeleteUserByName" finished-at="2024-02-02T14:57:40 IST" duration-ms="1171" status="PASS">
          <reporter-output>
          </reporter-output>
        </test-method> <!-- testDeleteUserByName -->
      </class> <!-- api.test.UserTests -->
    </test> <!-- User Tests -->
  </suite> <!-- PetSuite -->
</testng-results>
