<?xml version="1.0" encoding="UTF-8"?>
<testng-results ignored="0" total="4" passed="4" failed="0" skipped="0">
  <reporter-output>
  </reporter-output>
  <suite started-at="2024-02-02T12:21:17 IST" name="PetSuite" finished-at="2024-02-02T12:21:25 IST" duration-ms="7478">
    <groups>
    </groups>
    <test started-at="2024-02-02T12:21:17 IST" name="User Tests" finished-at="2024-02-02T12:21:25 IST" duration-ms="7478">
      <class name="api.test.UserTests">
        <test-method is-config="true" signature="setupData()[pri:0, instance:api.test.UserTests@76a4ebf2]" started-at="2024-02-02T12:21:17 IST" name="setupData" finished-at="2024-02-02T12:21:18 IST" duration-ms="998" status="PASS">
          <reporter-output>
          </reporter-output>
        </test-method> <!-- setupData -->
        <test-method signature="testPostUser()[pri:1, instance:api.test.UserTests@76a4ebf2]" started-at="2024-02-02T12:21:18 IST" name="testPostUser" finished-at="2024-02-02T12:21:21 IST" duration-ms="2939" status="PASS">
          <reporter-output>
          </reporter-output>
        </test-method> <!-- testPostUser -->
        <test-method signature="testGetUserByName()[pri:2, instance:api.test.UserTests@76a4ebf2]" started-at="2024-02-02T12:21:21 IST" name="testGetUserByName" finished-at="2024-02-02T12:21:22 IST" duration-ms="1177" status="PASS">
          <reporter-output>
          </reporter-output>
        </test-method> <!-- testGetUserByName -->
        <test-method signature="testUpdateUserByName()[pri:3, instance:api.test.UserTests@76a4ebf2]" started-at="2024-02-02T12:21:22 IST" name="testUpdateUserByName" finished-at="2024-02-02T12:21:24 IST" duration-ms="1153" status="PASS">
          <reporter-output>
          </reporter-output>
        </test-method> <!-- testUpdateUserByName -->
        <test-method signature="testDeleteUserByName()[pri:4, instance:api.test.UserTests@76a4ebf2]" started-at="2024-02-02T12:21:24 IST" name="testDeleteUserByName" finished-at="2024-02-02T12:21:25 IST" duration-ms="1150" status="PASS">
          <reporter-output>
          </reporter-output>
        </test-method> <!-- testDeleteUserByName -->
      </class> <!-- api.test.UserTests -->
    </test> <!-- User Tests -->
  </suite> <!-- PetSuite -->
</testng-results>
