<?xml version="1.0" encoding="UTF-8"?>
<!-- Generated by org.testng.reporters.JUnitXMLReporter -->
<testsuite ignored="0" hostname="DESKTOP-FT0BVUO" failures="0" tests="4" name="User Tests" time="7.092" errors="0" timestamp="2024-02-02T14:57:40 IST">
  <testcase classname="api.test.UserTests" name="testPostUser" time="2.801"/>
  <testcase classname="api.test.UserTests" name="testGetUserByName" time="1.139"/>
  <testcase classname="api.test.UserTests" name="testUpdateUserByName" time="1.126"/>
  <testcase classname="api.test.UserTests" name="testDeleteUserByName" time="1.171"/>
</testsuite> <!-- User Tests -->
